<?xml version="1.0" encoding="UTF-8"?>
<!-- Generated by org.testng.reporters.JUnitXMLReporter -->
<testsuite ignored="1" hostname="DESKTOP-LGBIQQ6" failures="0" tests="2" name="Default test" time="0.149" errors="0" timestamp="2023-02-28T01:44:31 IST">
  <testcase classname="testcases.TC001_Test" name="VerifyPageTitle" time="0.081"/>
  <testcase classname="testcases.TC001_Test" name="VerifySearchFeature" time="0.003"/>
  <testcase classname="testcases.TC001_Test" name="VerifyOpenSearchResults" time="0.0">
    <ignored/>
  </testcase> <!-- VerifyOpenSearchResults -->
</testsuite> <!-- Default test -->
