<?xml version="1.0" encoding="UTF-8"?>
<!-- Generated by org.testng.reporters.JUnitXMLReporter -->
<testsuite ignored="0" hostname="DESKTOP-LGBIQQ6" failures="0" tests="4" name="Test" time="25.944" errors="0" timestamp="2023-02-28T16:48:40 IST">
  <testcase classname="testcases.TC001_Test" name="VerifyPageTitle" time="0.046"/>
  <testcase classname="testcases.TC001_Test" name="VerifySearchFeatureInvalidData" time="2.926"/>
  <testcase classname="testcases.TC001_Test" name="VerifySearchFeature" time="2.204"/>
  <testcase classname="testcases.TC001_Test" name="VerifyOpenSearchResults" time="20.751"/>
</testsuite> <!-- Test -->
