<?xml version="1.0" encoding="UTF-8"?>
<testng-results ignored="0" total="4" passed="4" failed="0" skipped="0">
  <reporter-output>
  </reporter-output>
  <suite started-at="2023-02-28T16:48:14 IST" name="Suite" finished-at="2023-02-28T16:48:39 IST" duration-ms="25944">
    <groups>
    </groups>
    <test started-at="2023-02-28T16:48:14 IST" name="Test" finished-at="2023-02-28T16:48:39 IST" duration-ms="25944">
      <class name="testcases.TC001_Test">
        <test-method is-config="true" signature="Setup()[pri:0, instance:testcases.TC001_Test@156b88f5]" started-at="2023-02-28T16:48:09 IST" name="Setup" finished-at="2023-02-28T16:48:14 IST" duration-ms="4107" status="PASS">
          <reporter-output>
          </reporter-output>
        </test-method> <!-- Setup -->
        <test-method signature="VerifyPageTitle()[pri:1, instance:testcases.TC001_Test@156b88f5]" started-at="2023-02-28T16:48:14 IST" name="VerifyPageTitle" description="Navigate to URL" finished-at="2023-02-28T16:48:14 IST" duration-ms="46" status="PASS">
          <reporter-output>
          </reporter-output>
        </test-method> <!-- VerifyPageTitle -->
        <test-method signature="VerifySearchFeatureInvalidData()[pri:2, instance:testcases.TC001_Test@156b88f5]" started-at="2023-02-28T16:48:14 IST" name="VerifySearchFeatureInvalidData" description="Search with invalid Test Data" finished-at="2023-02-28T16:48:17 IST" duration-ms="2926" status="PASS">
          <reporter-output>
          </reporter-output>
        </test-method> <!-- VerifySearchFeatureInvalidData -->
        <test-method signature="VerifySearchFeature()[pri:3, instance:testcases.TC001_Test@156b88f5]" started-at="2023-02-28T16:48:17 IST" name="VerifySearchFeature" description="Search with valid Test Data" finished-at="2023-02-28T16:48:19 IST" duration-ms="2204" status="PASS">
          <reporter-output>
          </reporter-output>
        </test-method> <!-- VerifySearchFeature -->
        <test-method signature="VerifyOpenSearchResults()[pri:4, instance:testcases.TC001_Test@156b88f5]" started-at="2023-02-28T16:48:19 IST" name="VerifyOpenSearchResults" description="Navigate to Search Results" finished-at="2023-02-28T16:48:39 IST" duration-ms="20751" status="PASS">
          <reporter-output>
          </reporter-output>
        </test-method> <!-- VerifyOpenSearchResults -->
        <test-method is-config="true" signature="tearDown()[pri:0, instance:testcases.TC001_Test@156b88f5]" started-at="2023-02-28T16:48:40 IST" name="tearDown" finished-at="2023-02-28T16:48:40 IST" duration-ms="177" status="PASS">
          <reporter-output>
          </reporter-output>
        </test-method> <!-- tearDown -->
      </class> <!-- testcases.TC001_Test -->
    </test> <!-- Test -->
  </suite> <!-- Suite -->
</testng-results>
