<?xml version="1.0" encoding="UTF-8"?>
<testsuite xmlns:xsi="http://www.w3.org/2001/XMLSchema-instance" xsi:noNamespaceSchemaLocation="https://maven.apache.org/surefire/maven-surefire-plugin/xsd/surefire-test-report-3.0.xsd" version="3.0" name="TestSuite" time="30.615" tests="4" errors="0" skipped="0" failures="0">
  <properties>
[...]
</properties>
  <testcase name="VerifyPageTitle" classname="testcases.TC001_Test" time="0.049">
    <system-err><![CDATA[Starting ChromeDriver 110.0.5481.77 (65ed616c6e8ee3fe0ad64fe83796c020644d42af-refs/branch-heads/5481@{#839}) on port 64022
Only local connections are allowed.
Please see https://chromedriver.chromium.org/security-considerations for suggestions on keeping ChromeDriver safe.
ChromeDriver was started successfully.
[1677583091.101][WARNING]: virtual void DevToolsClientImpl::AddListener(DevToolsEventListener *) subscribing a listener to the already connected DevToolsClient. Connection notification will not arrive.
Feb 28, 2023 4:48:11 PM org.openqa.selenium.remote.ProtocolHandshake createSession
INFO: Detected dialect: W3C
]]></system-err>
  </testcase>
  <testcase name="VerifySearchFeatureInvalidData" classname="testcases.TC001_Test" time="2.92"/>
  <testcase name="VerifySearchFeature" classname="testcases.TC001_Test" time="2.203"/>
  <testcase name="VerifyOpenSearchResults" classname="testcases.TC001_Test" time="20.753">
    <system-out><![CDATA[[[[ChromeDriver: chrome on WINDOWS (c1275e84098c5a286a22d41e8f169518)] -> xpath: //div[@class='search-result']/p/a], [[ChromeDriver: chrome on WINDOWS (c1275e84098c5a286a22d41e8f169518)] -> xpath: //div[@class='search-result']/p/a], [[ChromeDriver: chrome on WINDOWS (c1275e84098c5a286a22d41e8f169518)] -> xpath: //div[@class='search-result']/p/a], [[ChromeDriver: chrome on WINDOWS (c1275e84098c5a286a22d41e8f169518)] -> xpath: //div[@class='search-result']/p/a], [[ChromeDriver: chrome on WINDOWS (c1275e84098c5a286a22d41e8f169518)] -> xpath: //div[@class='search-result']/p/a], [[ChromeDriver: chrome on WINDOWS (c1275e84098c5a286a22d41e8f169518)] -> xpath: //div[@class='search-result']/p/a], [[ChromeDriver: chrome on WINDOWS (c1275e84098c5a286a22d41e8f169518)] -> xpath: //div[@class='search-result']/p/a]]
Global Careers
Global Careers – Hitachi Solutions
[[[ChromeDriver: chrome on WINDOWS (c1275e84098c5a286a22d41e8f169518)] -> xpath: //div[@class='search-result']/p/a], [[ChromeDriver: chrome on WINDOWS (c1275e84098c5a286a22d41e8f169518)] -> xpath: //div[@class='search-result']/p/a], [[ChromeDriver: chrome on WINDOWS (c1275e84098c5a286a22d41e8f169518)] -> xpath: //div[@class='search-result']/p/a], [[ChromeDriver: chrome on WINDOWS (c1275e84098c5a286a22d41e8f169518)] -> xpath: //div[@class='search-result']/p/a], [[ChromeDriver: chrome on WINDOWS (c1275e84098c5a286a22d41e8f169518)] -> xpath: //div[@class='search-result']/p/a], [[ChromeDriver: chrome on WINDOWS (c1275e84098c5a286a22d41e8f169518)] -> xpath: //div[@class='search-result']/p/a], [[ChromeDriver: chrome on WINDOWS (c1275e84098c5a286a22d41e8f169518)] -> xpath: //div[@class='search-result']/p/a]]
Careers
Careers – Hitachi Solutions
[[[ChromeDriver: chrome on WINDOWS (c1275e84098c5a286a22d41e8f169518)] -> xpath: //div[@class='search-result']/p/a], [[ChromeDriver: chrome on WINDOWS (c1275e84098c5a286a22d41e8f169518)] -> xpath: //div[@class='search-result']/p/a], [[ChromeDriver: chrome on WINDOWS (c1275e84098c5a286a22d41e8f169518)] -> xpath: //div[@class='search-result']/p/a], [[ChromeDriver: chrome on WINDOWS (c1275e84098c5a286a22d41e8f169518)] -> xpath: //div[@class='search-result']/p/a], [[ChromeDriver: chrome on WINDOWS (c1275e84098c5a286a22d41e8f169518)] -> xpath: //div[@class='search-result']/p/a], [[ChromeDriver: chrome on WINDOWS (c1275e84098c5a286a22d41e8f169518)] -> xpath: //div[@class='search-result']/p/a], [[ChromeDriver: chrome on WINDOWS (c1275e84098c5a286a22d41e8f169518)] -> xpath: //div[@class='search-result']/p/a]]
Takeaways from a Reenergized SQL Saturday
Takeaways from a Reenergized SQL Saturday – Hitachi Solutions
[[[ChromeDriver: chrome on WINDOWS (c1275e84098c5a286a22d41e8f169518)] -> xpath: //div[@class='search-result']/p/a], [[ChromeDriver: chrome on WINDOWS (c1275e84098c5a286a22d41e8f169518)] -> xpath: //div[@class='search-result']/p/a], [[ChromeDriver: chrome on WINDOWS (c1275e84098c5a286a22d41e8f169518)] -> xpath: //div[@class='search-result']/p/a], [[ChromeDriver: chrome on WINDOWS (c1275e84098c5a286a22d41e8f169518)] -> xpath: //div[@class='search-result']/p/a], [[ChromeDriver: chrome on WINDOWS (c1275e84098c5a286a22d41e8f169518)] -> xpath: //div[@class='search-result']/p/a], [[ChromeDriver: chrome on WINDOWS (c1275e84098c5a286a22d41e8f169518)] -> xpath: //div[@class='search-result']/p/a], [[ChromeDriver: chrome on WINDOWS (c1275e84098c5a286a22d41e8f169518)] -> xpath: //div[@class='search-result']/p/a]]
Hitachi Solutions Launch Program
Hitachi Solutions Launch Program – Hitachi Solutions
[[[ChromeDriver: chrome on WINDOWS (c1275e84098c5a286a22d41e8f169518)] -> xpath: //div[@class='search-result']/p/a], [[ChromeDriver: chrome on WINDOWS (c1275e84098c5a286a22d41e8f169518)] -> xpath: //div[@class='search-result']/p/a], [[ChromeDriver: chrome on WINDOWS (c1275e84098c5a286a22d41e8f169518)] -> xpath: //div[@class='search-result']/p/a], [[ChromeDriver: chrome on WINDOWS (c1275e84098c5a286a22d41e8f169518)] -> xpath: //div[@class='search-result']/p/a], [[ChromeDriver: chrome on WINDOWS (c1275e84098c5a286a22d41e8f169518)] -> xpath: //div[@class='search-result']/p/a], [[ChromeDriver: chrome on WINDOWS (c1275e84098c5a286a22d41e8f169518)] -> xpath: //div[@class='search-result']/p/a], [[ChromeDriver: chrome on WINDOWS (c1275e84098c5a286a22d41e8f169518)] -> xpath: //div[@class='search-result']/p/a]]
Microsoft Dynamics 365 Human Resources
Microsoft Dynamics 365 Human Resources – Hitachi Solutions
[[[ChromeDriver: chrome on WINDOWS (c1275e84098c5a286a22d41e8f169518)] -> xpath: //div[@class='search-result']/p/a], [[ChromeDriver: chrome on WINDOWS (c1275e84098c5a286a22d41e8f169518)] -> xpath: //div[@class='search-result']/p/a], [[ChromeDriver: chrome on WINDOWS (c1275e84098c5a286a22d41e8f169518)] -> xpath: //div[@class='search-result']/p/a], [[ChromeDriver: chrome on WINDOWS (c1275e84098c5a286a22d41e8f169518)] -> xpath: //div[@class='search-result']/p/a], [[ChromeDriver: chrome on WINDOWS (c1275e84098c5a286a22d41e8f169518)] -> xpath: //div[@class='search-result']/p/a], [[ChromeDriver: chrome on WINDOWS (c1275e84098c5a286a22d41e8f169518)] -> xpath: //div[@class='search-result']/p/a], [[ChromeDriver: chrome on WINDOWS (c1275e84098c5a286a22d41e8f169518)] -> xpath: //div[@class='search-result']/p/a]]
Top 5 Reasons to use Dynamics 365 for Talent: Attract
Top 5 Reasons to use Dynamics 365 for Talent: Attract – Hitachi Solutions
[[[ChromeDriver: chrome on WINDOWS (c1275e84098c5a286a22d41e8f169518)] -> xpath: //div[@class='search-result']/p/a], [[ChromeDriver: chrome on WINDOWS (c1275e84098c5a286a22d41e8f169518)] -> xpath: //div[@class='search-result']/p/a], [[ChromeDriver: chrome on WINDOWS (c1275e84098c5a286a22d41e8f169518)] -> xpath: //div[@class='search-result']/p/a], [[ChromeDriver: chrome on WINDOWS (c1275e84098c5a286a22d41e8f169518)] -> xpath: //div[@class='search-result']/p/a], [[ChromeDriver: chrome on WINDOWS (c1275e84098c5a286a22d41e8f169518)] -> xpath: //div[@class='search-result']/p/a], [[ChromeDriver: chrome on WINDOWS (c1275e84098c5a286a22d41e8f169518)] -> xpath: //div[@class='search-result']/p/a], [[ChromeDriver: chrome on WINDOWS (c1275e84098c5a286a22d41e8f169518)] -> xpath: //div[@class='search-result']/p/a]]
The Digital CIO: Staying Relevant in the Age of the Chief Digital Officer
The Digital CIO: Staying Relevant in the Age of the Chief Digital Officer – Hitachi Solutions
[[[ChromeDriver: chrome on WINDOWS (c1275e84098c5a286a22d41e8f169518)] -> xpath: //div[@class='search-result']/p/a], [[ChromeDriver: chrome on WINDOWS (c1275e84098c5a286a22d41e8f169518)] -> xpath: //div[@class='search-result']/p/a], [[ChromeDriver: chrome on WINDOWS (c1275e84098c5a286a22d41e8f169518)] -> xpath: //div[@class='search-result']/p/a], [[ChromeDriver: chrome on WINDOWS (c1275e84098c5a286a22d41e8f169518)] -> xpath: //div[@class='search-result']/p/a], [[ChromeDriver: chrome on WINDOWS (c1275e84098c5a286a22d41e8f169518)] -> xpath: //div[@class='search-result']/p/a], [[ChromeDriver: chrome on WINDOWS (c1275e84098c5a286a22d41e8f169518)] -> xpath: //div[@class='search-result']/p/a], [[ChromeDriver: chrome on WINDOWS (c1275e84098c5a286a22d41e8f169518)] -> xpath: //div[@class='search-result']/p/a]]
]]></system-out>
  </testcase>
</testsuite>